<?xml version="1.0" encoding="UTF-8"?>
<!-- Generated by org.testng.reporters.JUnitReportReporter -->
<testsuite hostname="LAPTOP-VKT3PE38" failures="0" tests="1" name="pom.TestCases.CreateCase" time="30.164" errors="0" timestamp="2021-10-23T17:11:20 IST" skipped="0">
  <testcase classname="pom.TestCases.CreateCase" name="creatCase" time="30.164"/>
  <system-out/>
</testsuite> <!-- pom.TestCases.CreateCase -->
