<?xml version="1.0" encoding="UTF-8"?>
<!-- Generated by org.testng.reporters.JUnitReportReporter -->
<testsuite hostname="LAPTOP-VKT3PE38" failures="0" tests="1" name="testNGClass.EditWorkTypeGroups" time="27.150" errors="0" timestamp="2021-10-16T14:58:24 IST" skipped="0">
  <testcase classname="testNGClass.EditWorkTypeGroups" name="eidtWorkType" time="27.150"/>
  <system-out/>
</testsuite> <!-- testNGClass.EditWorkTypeGroups -->
