<?xml version="1.0" encoding="UTF-8"?>
<!-- Generated by org.testng.reporters.JUnitReportReporter -->
<testsuite hostname="LAPTOP-VKT3PE38" failures="0" tests="2" name="testNGClass.DeleteWorkTypeGroups" time="58.366" errors="0" timestamp="2021-10-16T14:24:32 IST" skipped="0">
  <testcase classname="testNGClass.DeleteWorkTypeGroups" name="deleteworktype" time="25.885"/>
  <system-out/>
  <testcase classname="testNGClass.DeleteWorkTypeGroups" name="deleteworktype" time="32.481"/>
  <system-out/>
</testsuite> <!-- testNGClass.DeleteWorkTypeGroups -->
