<?xml version="1.0" encoding="UTF-8"?>
<!-- Generated by org.testng.reporters.JUnitReportReporter -->
<testsuite hostname="LAPTOP-VKT3PE38" failures="0" tests="1" name="caseTestCase.withTestNG.DeleteCase" time="39.307" errors="0" timestamp="2021-10-17T16:23:17 IST" skipped="0">
  <testcase classname="caseTestCase.withTestNG.DeleteCase" name="CreateNewCase" time="39.307"/>
  <system-out/>
</testsuite> <!-- caseTestCase.withTestNG.DeleteCase -->
