<?xml version="1.0" encoding="UTF-8"?>
<!-- Generated by org.testng.reporters.JUnitReportReporter -->
<testsuite hostname="LAPTOP-VKT3PE38" failures="0" tests="1" name="testNGClass.CreateWorkTypeGroups" time="21.348" errors="0" timestamp="2021-10-16T14:58:24 IST" skipped="0">
  <testcase classname="testNGClass.CreateWorkTypeGroups" name="CreateWorkType" time="21.348"/>
  <system-out/>
</testsuite> <!-- testNGClass.CreateWorkTypeGroups -->
