<?xml version="1.0" encoding="UTF-8"?>
<!-- Generated by org.testng.reporters.JUnitReportReporter -->
<testsuite hostname="LAPTOP-VKT3PE38" failures="0" tests="1" name="caseTestCase.withTestNG.EditCase" time="44.449" errors="0" timestamp="2021-10-17T16:16:27 IST" skipped="0">
  <testcase classname="caseTestCase.withTestNG.EditCase" name="CreateNewCase" time="44.449"/>
  <system-out/>
</testsuite> <!-- caseTestCase.withTestNG.EditCase -->
